<?xml version="1.0" encoding="UTF-8"?>
<!-- Generated by org.testng.reporters.JUnitReportReporter -->
<testsuite skipped="0" hostname="Kiran-PC" name="excel.TestUsingExcelData" tests="1" failures="0" timestamp="03 Jan 2019 17:38:37 GMT" time="29.496" errors="0">
  <testcase name="launchFacebook" time="29.496" classname="excel.TestUsingExcelData"/>
</testsuite> <!-- excel.TestUsingExcelData -->
