<?xml version="1.0" encoding="UTF-8"?>
<!-- Generated by org.testng.reporters.JUnitReportReporter -->
<testsuite skipped="1" hostname="Kiran-PC" name="beginWithTestNG.VerifyDiffElements" tests="3" failures="0" timestamp="01 Jan 2019 06:16:59 GMT" time="18.165" errors="0">
  <testcase name="toVerifyRadioButtonRed" time="3.869" classname="beginWithTestNG.VerifyDiffElements"/>
  <testcase name="toVerifyRadioButtonGreen" time="14.296" classname="beginWithTestNG.VerifyDiffElements"/>
  <testcase name="toVerifyRadioButtonBlue" classname="beginWithTestNG.VerifyDiffElements">
    <skipped/>
  </testcase> <!-- toVerifyRadioButtonBlue -->
</testsuite> <!-- beginWithTestNG.VerifyDiffElements -->
