<?xml version="1.0" encoding="UTF-8"?>
<!-- Generated by org.testng.reporters.JUnitReportReporter -->
<testsuite skipped="0" hostname="Kiran-PC" name="beginWithTestNG.NewTest2Grouping" tests="5" failures="0" timestamp="30 Jul 2019 16:11:40 GMT" time="0.024" errors="0">
  <testcase name="car2" time="0.002" classname="beginWithTestNG.NewTest2Grouping"/>
  <testcase name="scooter1" time="0.006" classname="beginWithTestNG.NewTest2Grouping"/>
  <testcase name="car1" time="0.013" classname="beginWithTestNG.NewTest2Grouping"/>
  <testcase name="sedancar" time="0.001" classname="beginWithTestNG.NewTest2Grouping"/>
  <testcase name="scooter2" time="0.002" classname="beginWithTestNG.NewTest2Grouping"/>
</testsuite> <!-- beginWithTestNG.NewTest2Grouping -->
