<?xml version="1.0" encoding="UTF-8"?>
<!-- Generated by org.testng.reporters.JUnitReportReporter -->
<testsuite skipped="0" hostname="Kiran-PC" name="beginWithTestNG.ScreenshotTest" tests="1" failures="0" timestamp="30 Jul 2019 16:52:49 GMT" time="12.337" errors="0">
  <testcase name="captureScreenshot" time="12.337" classname="beginWithTestNG.ScreenshotTest"/>
</testsuite> <!-- beginWithTestNG.ScreenshotTest -->
