<?xml version="1.0" encoding="UTF-8"?>
<!-- Generated by org.testng.reporters.JUnitReportReporter -->
<testsuite skipped="0" hostname="Kiran-PC" name="beginWithTestNG.TestNGParameters" tests="1" failures="0" timestamp="04 Aug 2019 08:34:16 GMT" time="32.726" errors="0">
  <testcase name="test" time="32.726" classname="beginWithTestNG.TestNGParameters"/>
</testsuite> <!-- beginWithTestNG.TestNGParameters -->
