<?xml version="1.0" encoding="UTF-8"?>
<!-- Generated by org.testng.reporters.JUnitReportReporter -->
<testsuite skipped="0" hostname="Kiran-PC" name="beginWithTestNG.NewTest1" tests="6" failures="0" timestamp="30 Jul 2019 16:52:49 GMT" time="10.852" errors="0">
  <testcase name="launchBrowser" time="8.488" classname="beginWithTestNG.NewTest1"/>
  <testcase name="method" time="0.002" classname="beginWithTestNG.NewTest1"/>
  <testcase name="bike" time="0.007" classname="beginWithTestNG.NewTest1"/>
  <testcase name="verifyTitle" time="0.024" classname="beginWithTestNG.NewTest1"/>
  <testcase name="car" time="0.001" classname="beginWithTestNG.NewTest1"/>
  <testcase name="closeBrowser" time="2.330" classname="beginWithTestNG.NewTest1"/>
</testsuite> <!-- beginWithTestNG.NewTest1 -->
