<?xml version="1.0" encoding="UTF-8"?>
<!-- Generated by org.testng.reporters.JUnitReportReporter -->
<testsuite skipped="0" hostname="Kiran-PC" name="beginWithTestNG.UserManagerTest" tests="4" failures="0" timestamp="30 Jul 2019 16:52:49 GMT" time="0.107" errors="0">
  <testcase name="toVerifyGetUserReturnNull" time="0.001" classname="beginWithTestNG.UserManagerTest"/>
  <testcase name="toVerifyAddUser" time="0.039" classname="beginWithTestNG.UserManagerTest"/>
  <testcase name="toVerifyGetUser" time="0.001" classname="beginWithTestNG.UserManagerTest"/>
  <testcase name="toVerifyDeleteUser" time="0.066" classname="beginWithTestNG.UserManagerTest"/>
</testsuite> <!-- beginWithTestNG.UserManagerTest -->
