<?xml version="1.0" encoding="UTF-8"?>
<!-- Generated by org.testng.reporters.JUnitReportReporter -->
<testsuite skipped="0" hostname="Kiran-PC" name="com.problemstatement.wikitest.WikiPageTest" tests="7" failures="0" timestamp="14 Sep 2019 12:10:10 GMT" time="279.227" errors="0">
  <testcase name="launchUrL" time="23.503" classname="com.problemstatement.wikitest.WikiPageTest"/>
  <testcase name="verifyExternalLink" time="30.624" classname="com.problemstatement.wikitest.WikiPageTest"/>
  <testcase name="clickOnOxygenLInk" time="39.606" classname="com.problemstatement.wikitest.WikiPageTest"/>
  <testcase name="verifyfeaturedArticle" time="35.206" classname="com.problemstatement.wikitest.WikiPageTest"/>
  <testcase name="takeScreenshot" time="36.597" classname="com.problemstatement.wikitest.WikiPageTest"/>
  <testcase name="numberOdfLInks" time="69.929" classname="com.problemstatement.wikitest.WikiPageTest"/>
  <testcase name="CheckPlutoniumUnderSuggestions" time="43.762" classname="com.problemstatement.wikitest.WikiPageTest"/>
</testsuite> <!-- com.problemstatement.wikitest.WikiPageTest -->
