<?xml version="1.0" encoding="UTF-8"?>
<!-- Generated by org.testng.reporters.JUnitReportReporter -->
<testsuite skipped="0" hostname="Kiran-PC" name="beginWithTestNG.GroupingEx" tests="6" failures="0" timestamp="04 Aug 2019 10:27:16 GMT" time="0.019" errors="0">
  <testcase name="Test3" time="0.013" classname="beginWithTestNG.GroupingEx"/>
  <testcase name="Test1" time="0.002" classname="beginWithTestNG.GroupingEx"/>
  <testcase name="Test4" time="0.001" classname="beginWithTestNG.GroupingEx"/>
  <testcase name="Test5" time="0.001" classname="beginWithTestNG.GroupingEx"/>
  <testcase name="Test6" time="0.001" classname="beginWithTestNG.GroupingEx"/>
  <testcase name="Test2" time="0.001" classname="beginWithTestNG.GroupingEx"/>
</testsuite> <!-- beginWithTestNG.GroupingEx -->
